<?xml version="1.0" encoding="UTF-8" ?>
<testsuite failures="0" time="0.464" errors="0" skipped="0" tests="3" name="com.github.seratch.taskun.inject.SpringServletInjectorTest">
  <properties>
[...]
</properties>
  <testcase time="0.005" classname="com.github.seratch.taskun.inject.SpringServletInjectorTest" name="type"/>
  <testcase time="0.378" classname="com.github.seratch.taskun.inject.SpringServletInjectorTest" name="instantiation"/>
  <testcase time="0.012" classname="com.github.seratch.taskun.inject.SpringServletInjectorTest" name="getScheduler_A$"/>
</testsuite>